# JRE version: OpenJDK Runtime Environment Temurin-17.0.8.1+1 (17.0.8.1+1) (build 17.0.8.1+1)
# Java VM: OpenJDK 64-Bit Server VM Temurin-17.0.8.1+1 (17.0.8.1+1, mixed mode, emulated-client, tiered, compressed oops, compressed class ptrs, g1 gc, windows-amd64)
GC Precious Log:
 CPUs: 12 total, 12 available
 Memory: 8043M
 Large Page Support: Disabled
 NUMA Support: Disabled
 Compressed Oops: Enabled (32-bit)
 Heap Region Size: 1M
 Heap Min Capacity: 8M
 Heap Initial Capacity: 126M
 Heap Max Capacity: 1G
 Pre-touch: Disabled
 Parallel Workers: 10
 Concurrent Workers: 3
 Concurrent Refinement Workers: 10
 Periodic GC: Disabled
Heap:
 garbage-first heap   total 81920K, used 31422K [0x00000000c0000000, 0x0000000100000000)
  region size 1024K, 1 young (1024K), 0 survivors (0K)
 Metaspace       used 56089K, committed 56576K, reserved 1114112K
  class space    used 7143K, committed 7360K, reserved 1048576K
GC Heap History (20 events):
Event: 236.229 GC heap before
{Heap before GC invocations=33 (full 15):
 garbage-first heap   total 81920K, used 31422K [0x00000000c0000000, 0x0000000100000000)
  region size 1024K, 1 young (1024K), 0 survivors (0K)
 Metaspace       used 56089K, committed 56576K, reserved 1114112K
  class space    used 7143K, committed 7360K, reserved 1048576K
}
Event: 236.251 GC heap after
{Heap after GC invocations=34 (full 16):
 garbage-first heap   total 81920K, used 31422K [0x00000000c0000000, 0x0000000100000000)
  region size 1024K, 0 young (0K), 0 survivors (0K)
 Metaspace       used 56089K, committed 56576K, reserved 1114112K
  class space    used 7143K, committed 7360K, reserved 1048576K
}
Event: 246.356 GC heap before
{Heap before GC invocations=34 (full 16):
 garbage-first heap   total 81920K, used 31422K [0x00000000c0000000, 0x0000000100000000)
  region size 1024K, 1 young (1024K), 0 survivors (0K)
 Metaspace       used 56089K, committed 56576K, reserved 1114112K
  class space    used 7143K, committed 7360K, reserved 1048576K
}
Event: 246.379 GC heap after
{Heap after GC invocations=35 (full 17):
 garbage-first heap   total 81920K, used 31422K [0x00000000c0000000, 0x0000000100000000)
  region size 1024K, 0 young (0K), 0 survivors (0K)
 Metaspace       used 56089K, committed 56576K, reserved 1114112K
  class space    used 7143K, committed 7360K, reserved 1048576K
}
Event: 256.490 GC heap before
{Heap before GC invocations=35 (full 17):
 garbage-first heap   total 81920K, used 31422K [0x00000000c0000000, 0x0000000100000000)
  region size 1024K, 1 young (1024K), 0 survivors (0K)
 Metaspace       used 56089K, committed 56576K, reserved 1114112K
  class space    used 7143K, committed 7360K, reserved 1048576K
}
Event: 256.512 GC heap after
{Heap after GC invocations=36 (full 18):
 garbage-first heap   total 81920K, used 31422K [0x00000000c0000000, 0x0000000100000000)
  region size 1024K, 0 young (0K), 0 survivors (0K)
 Metaspace       used 56089K, committed 56576K, reserved 1114112K
  class space    used 7143K, committed 7360K, reserved 1048576K
}
Event: 266.634 GC heap before
{Heap before GC invocations=36 (full 18):
 garbage-first heap   total 81920K, used 31422K [0x00000000c0000000, 0x0000000100000000)
  region size 1024K, 1 young (1024K), 0 survivors (0K)
 Metaspace       used 56089K, committed 56576K, reserved 1114112K
  class space    used 7143K, committed 7360K, reserved 1048576K
}
Event: 266.656 GC heap after
{Heap after GC invocations=37 (full 19):
 garbage-first heap   total 81920K, used 31422K [0x00000000c0000000, 0x0000000100000000)
  region size 1024K, 0 young (0K), 0 survivors (0K)
 Metaspace       used 56089K, committed 56576K, reserved 1114112K
  class space    used 7143K, committed 7360K, reserved 1048576K
}
Event: 276.768 GC heap before
{Heap before GC invocations=37 (full 19):
 garbage-first heap   total 81920K, used 31422K [0x00000000c0000000, 0x0000000100000000)
  region size 1024K, 1 young (1024K), 0 survivors (0K)
 Metaspace       used 56089K, committed 56576K, reserved 1114112K
  class space    used 7143K, committed 7360K, reserved 1048576K
}
Event: 276.791 GC heap after
{Heap after GC invocations=38 (full 20):
 garbage-first heap   total 81920K, used 31422K [0x00000000c0000000, 0x0000000100000000)
  region size 1024K, 0 young (0K), 0 survivors (0K)
 Metaspace       used 56089K, committed 56576K, reserved 1114112K
  class space    used 7143K, committed 7360K, reserved 1048576K
}
Event: 286.919 GC heap before
{Heap before GC invocations=38 (full 20):
 garbage-first heap   total 81920K, used 31422K [0x00000000c0000000, 0x0000000100000000)
  region size 1024K, 1 young (1024K), 0 survivors (0K)
 Metaspace       used 56089K, committed 56576K, reserved 1114112K
  class space    used 7143K, committed 7360K, reserved 1048576K
}
Event: 286.941 GC heap after
{Heap after GC invocations=39 (full 21):
 garbage-first heap   total 81920K, used 31422K [0x00000000c0000000, 0x0000000100000000)
  region size 1024K, 0 young (0K), 0 survivors (0K)
 Metaspace       used 56089K, committed 56576K, reserved 1114112K
  class space    used 7143K, committed 7360K, reserved 1048576K
}
Event: 297.055 GC heap before
{Heap before GC invocations=39 (full 21):
 garbage-first heap   total 81920K, used 31422K [0x00000000c0000000, 0x0000000100000000)
  region size 1024K, 1 young (1024K), 0 survivors (0K)
 Metaspace       used 56089K, committed 56576K, reserved 1114112K
  class space    used 7143K, committed 7360K, reserved 1048576K
}
Event: 297.077 GC heap after
{Heap after GC invocations=40 (full 22):
 garbage-first heap   total 81920K, used 31422K [0x00000000c0000000, 0x0000000100000000)
  region size 1024K, 0 young (0K), 0 survivors (0K)
 Metaspace       used 56089K, committed 56576K, reserved 1114112K
  class space    used 7143K, committed 7360K, reserved 1048576K
}
Event: 307.184 GC heap before
{Heap before GC invocations=40 (full 22):
 garbage-first heap   total 81920K, used 31422K [0x00000000c0000000, 0x0000000100000000)
  region size 1024K, 1 young (1024K), 0 survivors (0K)
 Metaspace       used 56089K, committed 56576K, reserved 1114112K
  class space    used 7143K, committed 7360K, reserved 1048576K
}
Event: 307.206 GC heap after
{Heap after GC invocations=41 (full 23):
 garbage-first heap   total 81920K, used 31422K [0x00000000c0000000, 0x0000000100000000)
  region size 1024K, 0 young (0K), 0 survivors (0K)
 Metaspace       used 56089K, committed 56576K, reserved 1114112K
  class space    used 7143K, committed 7360K, reserved 1048576K
}
Event: 317.331 GC heap before
{Heap before GC invocations=41 (full 23):
 garbage-first heap   total 81920K, used 31422K [0x00000000c0000000, 0x0000000100000000)
  region size 1024K, 1 young (1024K), 0 survivors (0K)
 Metaspace       used 56089K, committed 56576K, reserved 1114112K
  class space    used 7143K, committed 7360K, reserved 1048576K
}
Event: 317.355 GC heap after
{Heap after GC invocations=42 (full 24):
 garbage-first heap   total 81920K, used 31422K [0x00000000c0000000, 0x0000000100000000)
  region size 1024K, 0 young (0K), 0 survivors (0K)
 Metaspace       used 56089K, committed 56576K, reserved 1114112K
  class space    used 7143K, committed 7360K, reserved 1048576K
}
Event: 327.500 GC heap before
{Heap before GC invocations=42 (full 24):
 garbage-first heap   total 81920K, used 31422K [0x00000000c0000000, 0x0000000100000000)
  region size 1024K, 1 young (1024K), 0 survivors (0K)
 Metaspace       used 56089K, committed 56576K, reserved 1114112K
  class space    used 7143K, committed 7360K, reserved 1048576K
}
Event: 327.527 GC heap after
{Heap after GC invocations=43 (full 25):
 garbage-first heap   total 81920K, used 31422K [0x00000000c0000000, 0x0000000100000000)
  region size 1024K, 0 young (0K), 0 survivors (0K)
 Metaspace       used 56089K, committed 56576K, reserved 1114112K
  class space    used 7143K, committed 7360K, reserved 1048576K
}

